<?xml version="1.0" encoding="UTF-8"?>
<testng-results ignored="0" total="2" passed="2" failed="0" skipped="0">
  <reporter-output>
  </reporter-output>
  <suite started-at="2025-01-07T17:29:44 IST" name="Suite" finished-at="2025-01-07T17:31:02 IST" duration-ms="77865">
    <groups>
      <group name="cucumber">
        <method signature="AbstractTestNGCucumberTests.runScenario(io.cucumber.testng.PickleWrapper,io.cucumber.testng.FeatureWrapper)[pri:0, instance:Testrunner.testrunner@35d019a3]" name="runScenario" class="io.cucumber.testng.AbstractTestNGCucumberTests"/>
      </group> <!-- cucumber -->
    </groups>
    <test started-at="2025-01-07T17:29:44 IST" name="Test" finished-at="2025-01-07T17:31:02 IST" duration-ms="77865">
      <class name="Testrunner.testrunner">
        <test-method is-config="true" signature="setUpClass(org.testng.ITestContext)[pri:0, instance:Testrunner.testrunner@35d019a3]" started-at="2025-01-07T17:29:44 IST" name="setUpClass" finished-at="2025-01-07T17:29:47 IST" duration-ms="3155" status="PASS">
          <params>
            <param index="0">
              <value>
                <![CDATA[org.testng.TestRunner@717d7587]]>
              </value>
            </param>
          </params>
          <reporter-output>
          </reporter-output>
        </test-method> <!-- setUpClass -->
        <test-method signature="runScenario(io.cucumber.testng.PickleWrapper,io.cucumber.testng.FeatureWrapper)[pri:0, instance:Testrunner.testrunner@35d019a3]" started-at="2025-01-07T17:29:47 IST" name="runScenario" description="Runs Cucumber Scenarios" data-provider="scenarios" finished-at="2025-01-07T17:30:31 IST" duration-ms="44169" status="PASS">
          <params>
            <param index="0">
              <value>
                <![CDATA["Successfully verifies login functionality"]]>
              </value>
            </param>
            <param index="1">
              <value>
                <![CDATA["Verify login functionality"]]>
              </value>
            </param>
          </params>
          <reporter-output>
          </reporter-output>
        </test-method> <!-- runScenario -->
        <test-method signature="runScenario(io.cucumber.testng.PickleWrapper,io.cucumber.testng.FeatureWrapper)[pri:0, instance:Testrunner.testrunner@35d019a3]" started-at="2025-01-07T17:30:32 IST" name="runScenario" description="Runs Cucumber Scenarios" data-provider="scenarios" finished-at="2025-01-07T17:31:02 IST" duration-ms="30073" status="PASS">
          <params>
            <param index="0">
              <value>
                <![CDATA["Successfully verifies login functionality"]]>
              </value>
            </param>
            <param index="1">
              <value>
                <![CDATA["Verify login functionality"]]>
              </value>
            </param>
          </params>
          <reporter-output>
          </reporter-output>
        </test-method> <!-- runScenario -->
        <test-method is-config="true" signature="tearDownClass()[pri:0, instance:Testrunner.testrunner@35d019a3]" started-at="2025-01-07T17:31:02 IST" name="tearDownClass" finished-at="2025-01-07T17:31:02 IST" duration-ms="292" status="PASS">
          <reporter-output>
          </reporter-output>
        </test-method> <!-- tearDownClass -->
      </class> <!-- Testrunner.testrunner -->
    </test> <!-- Test -->
  </suite> <!-- Suite -->
</testng-results>
