<?xml version="1.0" encoding="UTF-8"?>
<!-- Generated by org.testng.reporters.JUnitReportReporter -->
<testsuite hostname="IFOCUS-LT86" failures="0" tests="2" name="Testrunner.testrunner" time="74.242" errors="0" timestamp="2025-01-07T17:31:03 IST" skipped="0">
  <testcase classname="Testrunner.testrunner" name="runScenario" time="44.169"/>
  <system-out/>
  <testcase classname="Testrunner.testrunner" name="runScenario" time="30.073"/>
  <system-out/>
</testsuite> <!-- Testrunner.testrunner -->
